[1106/212137.385:ERROR:directory_reader_win.cc(43)] FindFirstFile: The system cannot find the path specified. (0x3)
[1107/130401.905:ERROR:directory_reader_win.cc(43)] FindFirstFile: The system cannot find the path specified. (0x3)
[1107/205645.148:ERROR:directory_reader_win.cc(43)] FindFirstFile: The system cannot find the path specified. (0x3)
[1107/213236.727:ERROR:directory_reader_win.cc(43)] FindFirstFile: The system cannot find the path specified. (0x3)
[1107/213357.119:ERROR:directory_reader_win.cc(43)] FindFirstFile: The system cannot find the path specified. (0x3)
[1107/214447.066:ERROR:directory_reader_win.cc(43)] FindFirstFile: The system cannot find the path specified. (0x3)
[1107/225411.785:ERROR:directory_reader_win.cc(43)] FindFirstFile: The system cannot find the path specified. (0x3)
[1107/225457.569:ERROR:directory_reader_win.cc(43)] FindFirstFile: The system cannot find the path specified. (0x3)
[1107/225924.425:ERROR:directory_reader_win.cc(43)] FindFirstFile: The system cannot find the path specified. (0x3)
[1113/202700.845:ERROR:directory_reader_win.cc(43)] FindFirstFile: The system cannot find the path specified. (0x3)
[1113/203730.975:ERROR:directory_reader_win.cc(43)] FindFirstFile: The system cannot find the path specified. (0x3)
[1118/140811.174:ERROR:directory_reader_win.cc(43)] FindFirstFile: The system cannot find the path specified. (0x3)
[1118/143344.669:ERROR:directory_reader_win.cc(43)] FindFirstFile: The system cannot find the path specified. (0x3)
[1118/170822.317:ERROR:directory_reader_win.cc(43)] FindFirstFile: The system cannot find the path specified. (0x3)
[1118/195700.200:ERROR:directory_reader_win.cc(43)] FindFirstFile: The system cannot find the path specified. (0x3)
[1118/201106.515:ERROR:directory_reader_win.cc(43)] FindFirstFile: The system cannot find the path specified. (0x3)
[1118/201236.778:ERROR:directory_reader_win.cc(43)] FindFirstFile: The system cannot find the path specified. (0x3)
[1118/222821.792:ERROR:directory_reader_win.cc(43)] FindFirstFile: The system cannot find the path specified. (0x3)
[1118/222920.322:ERROR:directory_reader_win.cc(43)] FindFirstFile: The system cannot find the path specified. (0x3)
[1118/233234.122:ERROR:directory_reader_win.cc(43)] FindFirstFile: The system cannot find the path specified. (0x3)
[1120/124622.369:ERROR:directory_reader_win.cc(43)] FindFirstFile: The system cannot find the path specified. (0x3)
[1120/130508.031:ERROR:directory_reader_win.cc(43)] FindFirstFile: The system cannot find the path specified. (0x3)
[1120/142451.522:ERROR:directory_reader_win.cc(43)] FindFirstFile: The system cannot find the path specified. (0x3)
[1120/144910.014:ERROR:directory_reader_win.cc(43)] FindFirstFile: The system cannot find the path specified. (0x3)
[1120/190144.804:ERROR:directory_reader_win.cc(43)] FindFirstFile: The system cannot find the path specified. (0x3)
[1120/190552.381:ERROR:directory_reader_win.cc(43)] FindFirstFile: The system cannot find the path specified. (0x3)
[1120/190747.861:ERROR:directory_reader_win.cc(43)] FindFirstFile: The system cannot find the path specified. (0x3)
[1124/130519.864:ERROR:directory_reader_win.cc(43)] FindFirstFile: The system cannot find the path specified. (0x3)
[1124/141223.547:ERROR:directory_reader_win.cc(43)] FindFirstFile: The system cannot find the path specified. (0x3)
[1124/170901.025:ERROR:directory_reader_win.cc(43)] FindFirstFile: The system cannot find the path specified. (0x3)
[1124/171141.489:ERROR:directory_reader_win.cc(43)] FindFirstFile: The system cannot find the path specified. (0x3)
[1124/171159.392:ERROR:directory_reader_win.cc(43)] FindFirstFile: The system cannot find the path specified. (0x3)
[1124/172329.214:ERROR:directory_reader_win.cc(43)] FindFirstFile: The system cannot find the path specified. (0x3)
[1124/172538.711:ERROR:directory_reader_win.cc(43)] FindFirstFile: The system cannot find the path specified. (0x3)
[1124/172721.245:ERROR:directory_reader_win.cc(43)] FindFirstFile: The system cannot find the path specified. (0x3)
[1124/195626.978:ERROR:directory_reader_win.cc(43)] FindFirstFile: The system cannot find the path specified. (0x3)
[1124/202302.681:ERROR:directory_reader_win.cc(43)] FindFirstFile: The system cannot find the path specified. (0x3)
[1124/202354.898:ERROR:directory_reader_win.cc(43)] FindFirstFile: The system cannot find the path specified. (0x3)
[1124/202422.571:ERROR:directory_reader_win.cc(43)] FindFirstFile: The system cannot find the path specified. (0x3)
[1124/202532.360:ERROR:directory_reader_win.cc(43)] FindFirstFile: The system cannot find the path specified. (0x3)
[1124/202609.372:ERROR:directory_reader_win.cc(43)] FindFirstFile: The system cannot find the path specified. (0x3)
[1124/203000.304:ERROR:directory_reader_win.cc(43)] FindFirstFile: The system cannot find the path specified. (0x3)
[1124/203101.487:ERROR:directory_reader_win.cc(43)] FindFirstFile: The system cannot find the path specified. (0x3)
[1124/210204.424:ERROR:process_memory_win.cc(73)] ReadMemory at 0x23f591ee200 of 72 bytes failed: Only part of a ReadProcessMemory or WriteProcessMemory request was completed. (0x12B)
[1124/210204.424:WARNING:pe_image_annotations_reader.cc(135)] could not read annotations list object in C:\Program Files (x86)\Google\Chrome\Application\87.0.4280.66\chrome_elf.dll
[1124/210204.424:ERROR:process_memory_win.cc(73)] ReadMemory at 0x23f59229610 of 72 bytes failed: Only part of a ReadProcessMemory or WriteProcessMemory request was completed. (0x12B)
[1124/210204.424:WARNING:pe_image_annotations_reader.cc(135)] could not read annotations list object in C:\Program Files (x86)\Google\Chrome\Application\87.0.4280.66\chrome.dll
[1124/210204.425:ERROR:process_memory_win.cc(73)] ReadMemory at 0x23f594d0000 of 64 bytes failed: Only part of a ReadProcessMemory or WriteProcessMemory request was completed. (0x12B)
[1124/210204.425:WARNING:pe_image_reader.cc(340)] could not read dos header from C:\WINDOWS\System32\IMM32.DLL
[1124/210204.430:ERROR:process_memory_win.cc(73)] ReadMemory at 0x23f591ee200 of 72 bytes failed: Only part of a ReadProcessMemory or WriteProcessMemory request was completed. (0x12B)
[1124/210204.430:WARNING:pe_image_annotations_reader.cc(135)] could not read annotations list object in C:\Program Files (x86)\Google\Chrome\Application\87.0.4280.66\chrome_elf.dll
[1124/210204.430:ERROR:process_memory_win.cc(73)] ReadMemory at 0x23f59229610 of 72 bytes failed: Only part of a ReadProcessMemory or WriteProcessMemory request was completed. (0x12B)
[1124/210204.430:WARNING:pe_image_annotations_reader.cc(135)] could not read annotations list object in C:\Program Files (x86)\Google\Chrome\Application\87.0.4280.66\chrome.dll
[1124/210204.431:ERROR:process_memory_win.cc(73)] ReadMemory at 0x23f594d0000 of 64 bytes failed: Only part of a ReadProcessMemory or WriteProcessMemory request was completed. (0x12B)
[1124/210204.431:WARNING:pe_image_reader.cc(340)] could not read dos header from C:\WINDOWS\System32\IMM32.DLL
[1124/210204.431:ERROR:process_memory_win.cc(73)] ReadMemory at 0x23f591ee200 of 72 bytes failed: Only part of a ReadProcessMemory or WriteProcessMemory request was completed. (0x12B)
[1124/210204.432:WARNING:pe_image_annotations_reader.cc(135)] could not read annotations list object in C:\Program Files (x86)\Google\Chrome\Application\87.0.4280.66\chrome_elf.dll
[1124/210204.432:ERROR:process_memory_win.cc(73)] ReadMemory at 0x23f59229610 of 72 bytes failed: Only part of a ReadProcessMemory or WriteProcessMemory request was completed. (0x12B)
[1124/210204.432:WARNING:pe_image_annotations_reader.cc(135)] could not read annotations list object in C:\Program Files (x86)\Google\Chrome\Application\87.0.4280.66\chrome.dll
[1124/210204.433:ERROR:process_memory_win.cc(73)] ReadMemory at 0x23f594d0000 of 64 bytes failed: Only part of a ReadProcessMemory or WriteProcessMemory request was completed. (0x12B)
[1124/210204.433:WARNING:pe_image_reader.cc(340)] could not read dos header from C:\WINDOWS\System32\IMM32.DLL
[1124/210204.445:ERROR:process_memory_win.cc(73)] ReadMemory at 0xb5723e0000 of 131072 bytes failed: Only part of a ReadProcessMemory or WriteProcessMemory request was completed. (0x12B)
[1124/210204.446:ERROR:process_memory_win.cc(73)] ReadMemory at 0xb572bfd000 of 12288 bytes failed: Only part of a ReadProcessMemory or WriteProcessMemory request was completed. (0x12B)
[1124/210204.446:ERROR:process_memory_win.cc(73)] ReadMemory at 0xb573bfd000 of 12288 bytes failed: Only part of a ReadProcessMemory or WriteProcessMemory request was completed. (0x12B)
[1124/210204.446:ERROR:process_memory_win.cc(73)] ReadMemory at 0xb574bfd000 of 12288 bytes failed: Only part of a ReadProcessMemory or WriteProcessMemory request was completed. (0x12B)
[1124/210204.446:ERROR:process_memory_win.cc(73)] ReadMemory at 0xb5753fe000 of 8192 bytes failed: Only part of a ReadProcessMemory or WriteProcessMemory request was completed. (0x12B)
[1124/210204.447:ERROR:process_memory_win.cc(73)] ReadMemory at 0xb575bfe000 of 8192 bytes failed: Only part of a ReadProcessMemory or WriteProcessMemory request was completed. (0x12B)
[1124/210204.447:ERROR:process_memory_win.cc(73)] ReadMemory at 0xb5763fd000 of 12288 bytes failed: Only part of a ReadProcessMemory or WriteProcessMemory request was completed. (0x12B)
[1124/210204.447:ERROR:process_memory_win.cc(73)] ReadMemory at 0xb5773fe000 of 8192 bytes failed: Only part of a ReadProcessMemory or WriteProcessMemory request was completed. (0x12B)
[1124/210204.447:ERROR:process_memory_win.cc(73)] ReadMemory at 0xb577bfd000 of 12288 bytes failed: Only part of a ReadProcessMemory or WriteProcessMemory request was completed. (0x12B)
[1124/210204.447:ERROR:process_memory_win.cc(73)] ReadMemory at 0xb5783fc000 of 16384 bytes failed: Only part of a ReadProcessMemory or WriteProcessMemory request was completed. (0x12B)
[1124/210204.447:ERROR:process_memory_win.cc(73)] ReadMemory at 0xb578bfe000 of 8192 bytes failed: Only part of a ReadProcessMemory or WriteProcessMemory request was completed. (0x12B)
[1124/210204.447:ERROR:process_memory_win.cc(73)] ReadMemory at 0xb576bfe000 of 8192 bytes failed: Only part of a ReadProcessMemory or WriteProcessMemory request was completed. (0x12B)
[1124/210204.447:ERROR:process_memory_win.cc(73)] ReadMemory at 0xb5793fc000 of 16384 bytes failed: Only part of a ReadProcessMemory or WriteProcessMemory request was completed. (0x12B)
[1124/210204.447:ERROR:process_memory_win.cc(73)] ReadMemory at 0xb5733fe000 of 8192 bytes failed: Only part of a ReadProcessMemory or WriteProcessMemory request was completed. (0x12B)
[1124/210204.447:ERROR:process_memory_win.cc(73)] ReadMemory at 0xb571a12000 of 6024 bytes failed: Only part of a ReadProcessMemory or WriteProcessMemory request was completed. (0x12B)
[1124/210204.448:ERROR:process_memory_win.cc(73)] ReadMemory at 0xb571bc6000 of 852 bytes failed: Only part of a ReadProcessMemory or WriteProcessMemory request was completed. (0x12B)
[1124/210204.448:ERROR:process_memory_win.cc(73)] ReadMemory at 0xb571bc7000 of 6024 bytes failed: Only part of a ReadProcessMemory or WriteProcessMemory request was completed. (0x12B)
[1124/210204.448:ERROR:process_memory_win.cc(73)] ReadMemory at 0xb571bc9000 of 6024 bytes failed: Only part of a ReadProcessMemory or WriteProcessMemory request was completed. (0x12B)
[1124/210204.448:ERROR:process_memory_win.cc(73)] ReadMemory at 0xb571bcd000 of 6024 bytes failed: Only part of a ReadProcessMemory or WriteProcessMemory request was completed. (0x12B)
[1124/210204.448:ERROR:process_memory_win.cc(73)] ReadMemory at 0xb571bd1000 of 6024 bytes failed: Only part of a ReadProcessMemory or WriteProcessMemory request was completed. (0x12B)
[1124/210204.448:ERROR:process_memory_win.cc(73)] ReadMemory at 0xb571bd3000 of 6024 bytes failed: Only part of a ReadProcessMemory or WriteProcessMemory request was completed. (0x12B)
[1124/210204.448:ERROR:process_memory_win.cc(73)] ReadMemory at 0xb571bd5000 of 6024 bytes failed: Only part of a ReadProcessMemory or WriteProcessMemory request was completed. (0x12B)
[1124/210204.448:ERROR:process_memory_win.cc(73)] ReadMemory at 0xb571bd7000 of 6024 bytes failed: Only part of a ReadProcessMemory or WriteProcessMemory request was completed. (0x12B)
[1124/210204.449:ERROR:process_memory_win.cc(73)] ReadMemory at 0xb571bdb000 of 6024 bytes failed: Only part of a ReadProcessMemory or WriteProcessMemory request was completed. (0x12B)
[1124/210204.449:ERROR:process_memory_win.cc(73)] ReadMemory at 0xb571bdd000 of 6024 bytes failed: Only part of a ReadProcessMemory or WriteProcessMemory request was completed. (0x12B)
[1124/210204.449:ERROR:process_memory_win.cc(73)] ReadMemory at 0xb571bdf000 of 6024 bytes failed: Only part of a ReadProcessMemory or WriteProcessMemory request was completed. (0x12B)
[1124/210204.449:ERROR:process_memory_win.cc(73)] ReadMemory at 0xb571be1000 of 6024 bytes failed: Only part of a ReadProcessMemory or WriteProcessMemory request was completed. (0x12B)
[1124/210204.449:ERROR:process_memory_win.cc(73)] ReadMemory at 0xb571be5000 of 6024 bytes failed: Only part of a ReadProcessMemory or WriteProcessMemory request was completed. (0x12B)
[1124/210204.449:ERROR:process_memory_win.cc(73)] ReadMemory at 0xb571be7000 of 6024 bytes failed: Only part of a ReadProcessMemory or WriteProcessMemory request was completed. (0x12B)
[1124/210204.449:ERROR:process_memory_win.cc(73)] ReadMemory at 0x23f591e0fe0 of 4870 bytes failed: Only part of a ReadProcessMemory or WriteProcessMemory request was completed. (0x12B)
[1124/210204.449:ERROR:process_memory_win.cc(73)] ReadMemory at 0x23f591e22f0 of 1012 bytes failed: Only part of a ReadProcessMemory or WriteProcessMemory request was completed. (0x12B)
[1124/210204.449:ERROR:process_memory_win.cc(73)] ReadMemory at 0x23f591e2938 of 118 bytes failed: Only part of a ReadProcessMemory or WriteProcessMemory request was completed. (0x12B)
[1124/210204.450:ERROR:process_memory_win.cc(73)] ReadMemory at 0x23f591e29b0 of 1220 bytes failed: Only part of a ReadProcessMemory or WriteProcessMemory request was completed. (0x12B)
[1124/210204.450:ERROR:process_memory_win.cc(73)] ReadMemory at 0x23f591e2e76 of 118 bytes failed: Only part of a ReadProcessMemory or WriteProcessMemory request was completed. (0x12B)
[1124/210204.450:ERROR:process_memory_win.cc(73)] ReadMemory at 0x23f591e2eee of 100 bytes failed: Only part of a ReadProcessMemory or WriteProcessMemory request was completed. (0x12B)
[1124/210204.450:ERROR:process_memory_win.cc(73)] ReadMemory at 0x23f591e2f60 of 58 bytes failed: Only part of a ReadProcessMemory or WriteProcessMemory request was completed. (0x12B)
[1124/210204.450:ERROR:process_memory_win.cc(73)] ReadMemory at 0x23f591e3060 of 132 bytes failed: Only part of a ReadProcessMemory or WriteProcessMemory request was completed. (0x12B)
[1124/210204.450:ERROR:process_memory_win.cc(73)] ReadMemory at 0x23f591e31f0 of 132 bytes failed: Only part of a ReadProcessMemory or WriteProcessMemory request was completed. (0x12B)
[1124/210204.450:ERROR:process_memory_win.cc(73)] ReadMemory at 0x23f591e33b0 of 124 bytes failed: Only part of a ReadProcessMemory or WriteProcessMemory request was completed. (0x12B)
[1124/210204.450:ERROR:process_memory_win.cc(73)] ReadMemory at 0x23f591e38b0 of 132 bytes failed: Only part of a ReadProcessMemory or WriteProcessMemory request was completed. (0x12B)
[1124/210204.450:ERROR:process_memory_win.cc(73)] ReadMemory at 0x23f591e3a40 of 64 bytes failed: Only part of a ReadProcessMemory or WriteProcessMemory request was completed. (0x12B)
[1124/210204.450:ERROR:process_memory_win.cc(73)] ReadMemory at 0x23f591e3c00 of 132 bytes failed: Only part of a ReadProcessMemory or WriteProcessMemory request was completed. (0x12B)
[1124/210204.450:ERROR:process_memory_win.cc(73)] ReadMemory at 0x23f591e3ea0 of 132 bytes failed: Only part of a ReadProcessMemory or WriteProcessMemory request was completed. (0x12B)
[1124/210204.450:ERROR:process_memory_win.cc(73)] ReadMemory at 0x23f591e4030 of 68 bytes failed: Only part of a ReadProcessMemory or WriteProcessMemory request was completed. (0x12B)
[1124/210204.450:ERROR:process_memory_win.cc(73)] ReadMemory at 0x23f591e51e0 of 132 bytes failed: Only part of a ReadProcessMemory or WriteProcessMemory request was completed. (0x12B)
[1124/210204.451:ERROR:process_memory_win.cc(73)] ReadMemory at 0x23f591e5370 of 152 bytes failed: Only part of a ReadProcessMemory or WriteProcessMemory request was completed. (0x12B)
[1124/210204.451:ERROR:process_memory_win.cc(73)] ReadMemory at 0x23f591e6080 of 132 bytes failed: Only part of a ReadProcessMemory or WriteProcessMemory request was completed. (0x12B)
[1124/210204.451:ERROR:process_memory_win.cc(73)] ReadMemory at 0x23f591e6df0 of 62 bytes failed: Only part of a ReadProcessMemory or WriteProcessMemory request was completed. (0x12B)
[1124/210204.451:ERROR:process_memory_win.cc(73)] ReadMemory at 0x23f591e6f00 of 60 bytes failed: Only part of a ReadProcessMemory or WriteProcessMemory request was completed. (0x12B)
[1124/210204.451:ERROR:process_memory_win.cc(73)] ReadMemory at 0x23f591ee84a of 512 bytes failed: Only part of a ReadProcessMemory or WriteProcessMemory request was completed. (0x12B)
[1124/210204.451:ERROR:process_memory_win.cc(73)] ReadMemory at 0x23f591ef290 of 54 bytes failed: Only part of a ReadProcessMemory or WriteProcessMemory request was completed. (0x12B)
[1124/210204.451:ERROR:process_memory_win.cc(73)] ReadMemory at 0x23f591f3050 of 132 bytes failed: Only part of a ReadProcessMemory or WriteProcessMemory request was completed. (0x12B)
[1124/210204.451:ERROR:process_memory_win.cc(73)] ReadMemory at 0x23f591f3bb0 of 132 bytes failed: Only part of a ReadProcessMemory or WriteProcessMemory request was completed. (0x12B)
[1124/210204.451:ERROR:process_memory_win.cc(73)] ReadMemory at 0x23f591f3dd0 of 132 bytes failed: Only part of a ReadProcessMemory or WriteProcessMemory request was completed. (0x12B)
[1124/210204.451:ERROR:process_memory_win.cc(73)] ReadMemory at 0x23f591f46c0 of 80 bytes failed: Only part of a ReadProcessMemory or WriteProcessMemory request was completed. (0x12B)
[1124/210204.451:ERROR:process_memory_win.cc(73)] ReadMemory at 0x23f591f4fd0 of 132 bytes failed: Only part of a ReadProcessMemory or WriteProcessMemory request was completed. (0x12B)
[1124/210204.452:ERROR:process_memory_win.cc(73)] ReadMemory at 0x23f591f5100 of 132 bytes failed: Only part of a ReadProcessMemory or WriteProcessMemory request was completed. (0x12B)
[1124/210204.452:ERROR:process_memory_win.cc(73)] ReadMemory at 0x23f591f5230 of 132 bytes failed: Only part of a ReadProcessMemory or WriteProcessMemory request was completed. (0x12B)
[1124/210204.452:ERROR:process_memory_win.cc(73)] ReadMemory at 0x23f591f5360 of 132 bytes failed: Only part of a ReadProcessMemory or WriteProcessMemory request was completed. (0x12B)
[1124/210204.452:ERROR:process_memory_win.cc(73)] ReadMemory at 0x23f591f5490 of 132 bytes failed: Only part of a ReadProcessMemory or WriteProcessMemory request was completed. (0x12B)
[1124/210204.452:ERROR:process_memory_win.cc(73)] ReadMemory at 0x23f591f55c0 of 132 bytes failed: Only part of a ReadProcessMemory or WriteProcessMemory request was completed. (0x12B)
[1124/210204.452:ERROR:process_memory_win.cc(73)] ReadMemory at 0x23f591f56f0 of 132 bytes failed: Only part of a ReadProcessMemory or WriteProcessMemory request was completed. (0x12B)
[1124/210204.452:ERROR:process_memory_win.cc(73)] ReadMemory at 0x23f591f5820 of 132 bytes failed: Only part of a ReadProcessMemory or WriteProcessMemory request was completed. (0x12B)
[1124/210204.452:ERROR:process_memory_win.cc(73)] ReadMemory at 0x23f591f5950 of 132 bytes failed: Only part of a ReadProcessMemory or WriteProcessMemory request was completed. (0x12B)
[1124/210204.452:ERROR:process_memory_win.cc(73)] ReadMemory at 0x23f591f5a80 of 132 bytes failed: Only part of a ReadProcessMemory or WriteProcessMemory request was completed. (0x12B)
[1124/210204.452:ERROR:process_memory_win.cc(73)] ReadMemory at 0x23f591f5bb0 of 132 bytes failed: Only part of a ReadProcessMemory or WriteProcessMemory request was completed. (0x12B)
[1124/210204.452:ERROR:process_memory_win.cc(73)] ReadMemory at 0x23f591f5ce0 of 132 bytes failed: Only part of a ReadProcessMemory or WriteProcessMemory request was completed. (0x12B)
[1124/210204.453:ERROR:process_memory_win.cc(73)] ReadMemory at 0x23f591f89b0 of 132 bytes failed: Only part of a ReadProcessMemory or WriteProcessMemory request was completed. (0x12B)
[1124/210204.453:ERROR:process_memory_win.cc(73)] ReadMemory at 0x23f591f8f30 of 132 bytes failed: Only part of a ReadProcessMemory or WriteProcessMemory request was completed. (0x12B)
[1124/210204.453:ERROR:process_memory_win.cc(73)] ReadMemory at 0x23f591f9420 of 132 bytes failed: Only part of a ReadProcessMemory or WriteProcessMemory request was completed. (0x12B)
[1124/210204.453:ERROR:process_memory_win.cc(73)] ReadMemory at 0x23f591fb340 of 144 bytes failed: Only part of a ReadProcessMemory or WriteProcessMemory request was completed. (0x12B)
[1124/210204.453:ERROR:process_memory_win.cc(73)] ReadMemory at 0x23f591fb480 of 60 bytes failed: Only part of a ReadProcessMemory or WriteProcessMemory request was completed. (0x12B)
[1124/210204.453:ERROR:process_memory_win.cc(73)] ReadMemory at 0x23f591fb4d0 of 66 bytes failed: Only part of a ReadProcessMemory or WriteProcessMemory request was completed. (0x12B)
[1124/210204.453:ERROR:process_memory_win.cc(73)] ReadMemory at 0x23f591fb520 of 64 bytes failed: Only part of a ReadProcessMemory or WriteProcessMemory request was completed. (0x12B)
[1124/210204.453:ERROR:process_memory_win.cc(73)] ReadMemory at 0x23f591fb570 of 62 bytes failed: Only part of a ReadProcessMemory or WriteProcessMemory request was completed. (0x12B)
[1124/210204.453:ERROR:process_memory_win.cc(73)] ReadMemory at 0x23f591fb610 of 64 bytes failed: Only part of a ReadProcessMemory or WriteProcessMemory request was completed. (0x12B)
[1124/210204.453:ERROR:process_memory_win.cc(73)] ReadMemory at 0x23f591fb660 of 62 bytes failed: Only part of a ReadProcessMemory or WriteProcessMemory request was completed. (0x12B)
[1124/210204.453:ERROR:process_memory_win.cc(73)] ReadMemory at 0x23f591fb6b0 of 66 bytes failed: Only part of a ReadProcessMemory or WriteProcessMemory request was completed. (0x12B)
[1124/210204.453:ERROR:process_memory_win.cc(73)] ReadMemory at 0x23f591fb700 of 64 bytes failed: Only part of a ReadProcessMemory or WriteProcessMemory request was completed. (0x12B)
[1124/210204.454:ERROR:process_memory_win.cc(73)] ReadMemory at 0x23f591fb7a0 of 62 bytes failed: Only part of a ReadProcessMemory or WriteProcessMemory request was completed. (0x12B)
[1124/210204.454:ERROR:process_memory_win.cc(73)] ReadMemory at 0x23f591fb7f0 of 62 bytes failed: Only part of a ReadProcessMemory or WriteProcessMemory request was completed. (0x12B)
[1124/210204.454:ERROR:process_memory_win.cc(73)] ReadMemory at 0x23f591fb840 of 64 bytes failed: Only part of a ReadProcessMemory or WriteProcessMemory request was completed. (0x12B)
[1124/210204.454:ERROR:process_memory_win.cc(73)] ReadMemory at 0x23f591fb930 of 60 bytes failed: Only part of a ReadProcessMemory or WriteProcessMemory request was completed. (0x12B)
[1124/210204.454:ERROR:process_memory_win.cc(73)] ReadMemory at 0x23f591fb980 of 58 bytes failed: Only part of a ReadProcessMemory or WriteProcessMemory request was completed. (0x12B)
[1124/210204.454:ERROR:process_memory_win.cc(73)] ReadMemory at 0x23f591fb9d0 of 60 bytes failed: Only part of a ReadProcessMemory or WriteProcessMemory request was completed. (0x12B)
[1124/210204.454:ERROR:process_memory_win.cc(73)] ReadMemory at 0x23f591fba70 of 60 bytes failed: Only part of a ReadProcessMemory or WriteProcessMemory request was completed. (0x12B)
[1124/210204.454:ERROR:process_memory_win.cc(73)] ReadMemory at 0x23f591fbb10 of 62 bytes failed: Only part of a ReadProcessMemory or WriteProcessMemory request was completed. (0x12B)
[1124/210204.454:ERROR:process_memory_win.cc(73)] ReadMemory at 0x23f591fbc00 of 60 bytes failed: Only part of a ReadProcessMemory or WriteProcessMemory request was completed. (0x12B)
[1124/210204.454:ERROR:process_memory_win.cc(73)] ReadMemory at 0x23f591fbc50 of 64 bytes failed: Only part of a ReadProcessMemory or WriteProcessMemory request was completed. (0x12B)
[1124/210204.454:ERROR:process_memory_win.cc(73)] ReadMemory at 0x23f591fbca0 of 62 bytes failed: Only part of a ReadProcessMemory or WriteProcessMemory request was completed. (0x12B)
[1124/210204.454:ERROR:process_memory_win.cc(73)] ReadMemory at 0x23f591fbcf0 of 64 bytes failed: Only part of a ReadProcessMemory or WriteProcessMemory request was completed. (0x12B)
[1124/210204.455:ERROR:process_memory_win.cc(73)] ReadMemory at 0x23f591fbd90 of 62 bytes failed: Only part of a ReadProcessMemory or WriteProcessMemory request was completed. (0x12B)
[1124/210204.455:ERROR:process_memory_win.cc(73)] ReadMemory at 0x23f591fbf20 of 62 bytes failed: Only part of a ReadProcessMemory or WriteProcessMemory request was completed. (0x12B)
[1124/210204.455:ERROR:process_memory_win.cc(73)] ReadMemory at 0x23f591fbfc0 of 64 bytes failed: Only part of a ReadProcessMemory or WriteProcessMemory request was completed. (0x12B)
[1124/210204.455:ERROR:process_memory_win.cc(73)] ReadMemory at 0x23f591fc0b0 of 62 bytes failed: Only part of a ReadProcessMemory or WriteProcessMemory request was completed. (0x12B)
[1124/210204.455:ERROR:process_memory_win.cc(73)] ReadMemory at 0x23f591fc1f0 of 60 bytes failed: Only part of a ReadProcessMemory or WriteProcessMemory request was completed. (0x12B)
[1124/210204.455:ERROR:process_memory_win.cc(73)] ReadMemory at 0x23f591fc2e0 of 62 bytes failed: Only part of a ReadProcessMemory or WriteProcessMemory request was completed. (0x12B)
[1124/210204.455:ERROR:process_memory_win.cc(73)] ReadMemory at 0x23f591fc380 of 64 bytes failed: Only part of a ReadProcessMemory or WriteProcessMemory request was completed. (0x12B)
[1124/210204.455:ERROR:process_memory_win.cc(73)] ReadMemory at 0x23f592012d0 of 132 bytes failed: Only part of a ReadProcessMemory or WriteProcessMemory request was completed. (0x12B)
[1124/210204.455:ERROR:process_memory_win.cc(73)] ReadMemory at 0x23f592015f0 of 132 bytes failed: Only part of a ReadProcessMemory or WriteProcessMemory request was completed. (0x12B)
[1124/210204.455:ERROR:process_memory_win.cc(73)] ReadMemory at 0x23f59201810 of 132 bytes failed: Only part of a ReadProcessMemory or WriteProcessMemory request was completed. (0x12B)
[1124/210204.455:ERROR:process_memory_win.cc(73)] ReadMemory at 0x23f59201b70 of 132 bytes failed: Only part of a ReadProcessMemory or WriteProcessMemory request was completed. (0x12B)
[1124/210204.456:ERROR:process_memory_win.cc(73)] ReadMemory at 0x23f592020b0 of 132 bytes failed: Only part of a ReadProcessMemory or WriteProcessMemory request was completed. (0x12B)
[1124/210204.456:ERROR:process_memory_win.cc(73)] ReadMemory at 0x23f59202310 of 132 bytes failed: Only part of a ReadProcessMemory or WriteProcessMemory request was completed. (0x12B)
[1124/210204.456:ERROR:process_memory_win.cc(73)] ReadMemory at 0x23f59202440 of 132 bytes failed: Only part of a ReadProcessMemory or WriteProcessMemory request was completed. (0x12B)
[1124/210204.456:ERROR:process_memory_win.cc(73)] ReadMemory at 0x23f59202570 of 132 bytes failed: Only part of a ReadProcessMemory or WriteProcessMemory request was completed. (0x12B)
[1124/210204.456:ERROR:process_memory_win.cc(73)] ReadMemory at 0x23f592026a0 of 132 bytes failed: Only part of a ReadProcessMemory or WriteProcessMemory request was completed. (0x12B)
[1124/210204.456:ERROR:process_memory_win.cc(73)] ReadMemory at 0x23f592027d0 of 132 bytes failed: Only part of a ReadProcessMemory or WriteProcessMemory request was completed. (0x12B)
[1124/210204.456:ERROR:process_memory_win.cc(73)] ReadMemory at 0x23f59202900 of 132 bytes failed: Only part of a ReadProcessMemory or WriteProcessMemory request was completed. (0x12B)
[1124/210204.456:ERROR:process_memory_win.cc(73)] ReadMemory at 0x23f59202a30 of 132 bytes failed: Only part of a ReadProcessMemory or WriteProcessMemory request was completed. (0x12B)
[1124/210204.456:ERROR:process_memory_win.cc(73)] ReadMemory at 0x23f59202b60 of 132 bytes failed: Only part of a ReadProcessMemory or WriteProcessMemory request was completed. (0x12B)
[1124/210204.456:ERROR:process_memory_win.cc(73)] ReadMemory at 0x23f59202dc0 of 132 bytes failed: Only part of a ReadProcessMemory or WriteProcessMemory request was completed. (0x12B)
[1124/210204.456:ERROR:process_memory_win.cc(73)] ReadMemory at 0x23f59202ef0 of 132 bytes failed: Only part of a ReadProcessMemory or WriteProcessMemory request was completed. (0x12B)
[1124/210204.456:ERROR:process_memory_win.cc(73)] ReadMemory at 0x23f59203020 of 132 bytes failed: Only part of a ReadProcessMemory or WriteProcessMemory request was completed. (0x12B)
[1124/210204.457:ERROR:process_memory_win.cc(73)] ReadMemory at 0x23f59203150 of 132 bytes failed: Only part of a ReadProcessMemory or WriteProcessMemory request was completed. (0x12B)
[1124/210204.457:ERROR:process_memory_win.cc(73)] ReadMemory at 0x23f59203280 of 132 bytes failed: Only part of a ReadProcessMemory or WriteProcessMemory request was completed. (0x12B)
[1124/210204.457:ERROR:process_memory_win.cc(73)] ReadMemory at 0x23f592033b0 of 132 bytes failed: Only part of a ReadProcessMemory or WriteProcessMemory request was completed. (0x12B)
[1124/210204.457:ERROR:process_memory_win.cc(73)] ReadMemory at 0x23f592034e0 of 132 bytes failed: Only part of a ReadProcessMemory or WriteProcessMemory request was completed. (0x12B)
[1124/210204.457:ERROR:process_memory_win.cc(73)] ReadMemory at 0x23f59203610 of 132 bytes failed: Only part of a ReadProcessMemory or WriteProcessMemory request was completed. (0x12B)
[1124/210204.457:ERROR:process_memory_win.cc(73)] ReadMemory at 0x23f59203870 of 132 bytes failed: Only part of a ReadProcessMemory or WriteProcessMemory request was completed. (0x12B)
[1124/210204.457:ERROR:process_memory_win.cc(73)] ReadMemory at 0x23f592039a0 of 132 bytes failed: Only part of a ReadProcessMemory or WriteProcessMemory request was completed. (0x12B)
[1124/210204.457:ERROR:process_memory_win.cc(73)] ReadMemory at 0x23f59203ad0 of 132 bytes failed: Only part of a ReadProcessMemory or WriteProcessMemory request was completed. (0x12B)
[1124/210204.457:ERROR:process_memory_win.cc(73)] ReadMemory at 0x23f59203c00 of 132 bytes failed: Only part of a ReadProcessMemory or WriteProcessMemory request was completed. (0x12B)
[1124/210204.457:ERROR:process_memory_win.cc(73)] ReadMemory at 0x23f59204f80 of 76 bytes failed: Only part of a ReadProcessMemory or WriteProcessMemory request was completed. (0x12B)
[1124/210204.457:ERROR:process_memory_win.cc(73)] ReadMemory at 0x23f59205580 of 80 bytes failed: Only part of a ReadProcessMemory or WriteProcessMemory request was completed. (0x12B)
[1124/210204.457:ERROR:process_memory_win.cc(73)] ReadMemory at 0x23f59220aa0 of 78 bytes failed: Only part of a ReadProcessMemory or WriteProcessMemory request was completed. (0x12B)
[1124/210204.458:ERROR:process_memory_win.cc(73)] ReadMemory at 0x23f59229520 of 64 bytes failed: Only part of a ReadProcessMemory or WriteProcessMemory request was completed. (0x12B)
[1124/210204.458:ERROR:process_memory_win.cc(73)] ReadMemory at 0x23f59229570 of 58 bytes failed: Only part of a ReadProcessMemory or WriteProcessMemory request was completed. (0x12B)
[1124/210204.458:ERROR:process_memory_win.cc(73)] ReadMemory at 0x23f592295c0 of 60 bytes failed: Only part of a ReadProcessMemory or WriteProcessMemory request was completed. (0x12B)
[1124/210204.458:ERROR:process_memory_win.cc(73)] ReadMemory at 0x23f59229840 of 60 bytes failed: Only part of a ReadProcessMemory or WriteProcessMemory request was completed. (0x12B)
[1124/210204.458:ERROR:process_memory_win.cc(73)] ReadMemory at 0x23f59229a70 of 66 bytes failed: Only part of a ReadProcessMemory or WriteProcessMemory request was completed. (0x12B)
[1124/210204.458:ERROR:process_memory_win.cc(73)] ReadMemory at 0x23f59229c00 of 58 bytes failed: Only part of a ReadProcessMemory or WriteProcessMemory request was completed. (0x12B)
[1124/210204.458:ERROR:process_memory_win.cc(73)] ReadMemory at 0x23f59229e80 of 62 bytes failed: Only part of a ReadProcessMemory or WriteProcessMemory request was completed. (0x12B)
[1124/210204.458:ERROR:process_memory_win.cc(73)] ReadMemory at 0x23f5922a0b0 of 62 bytes failed: Only part of a ReadProcessMemory or WriteProcessMemory request was completed. (0x12B)
[1124/210204.458:ERROR:process_memory_win.cc(73)] ReadMemory at 0x23f5922a1f0 of 58 bytes failed: Only part of a ReadProcessMemory or WriteProcessMemory request was completed. (0x12B)
[1124/210204.458:ERROR:process_memory_win.cc(73)] ReadMemory at 0x23f5922a240 of 62 bytes failed: Only part of a ReadProcessMemory or WriteProcessMemory request was completed. (0x12B)
[1124/210204.458:ERROR:process_memory_win.cc(73)] ReadMemory at 0x23f5924c260 of 512 bytes failed: Only part of a ReadProcessMemory or WriteProcessMemory request was completed. (0x12B)
[1124/210204.458:ERROR:process_memory_win.cc(73)] ReadMemory at 0x23f592606c0 of 720 bytes failed: Only part of a ReadProcessMemory or WriteProcessMemory request was completed. (0x12B)
[1124/210204.459:ERROR:process_memory_win.cc(73)] ReadMemory at 0x23f59261940 of 512 bytes failed: Only part of a ReadProcessMemory or WriteProcessMemory request was completed. (0x12B)
[1124/210204.459:ERROR:process_memory_win.cc(73)] ReadMemory at 0x23f59262f00 of 512 bytes failed: Only part of a ReadProcessMemory or WriteProcessMemory request was completed. (0x12B)
[1124/210204.459:ERROR:process_memory_win.cc(73)] ReadMemory at 0x23f5926ef40 of 712 bytes failed: Only part of a ReadProcessMemory or WriteProcessMemory request was completed. (0x12B)
[1124/210204.459:ERROR:process_memory_win.cc(73)] ReadMemory at 0x23f5928e760 of 512 bytes failed: Only part of a ReadProcessMemory or WriteProcessMemory request was completed. (0x12B)
[1124/210204.459:ERROR:process_memory_win.cc(73)] ReadMemory at 0x23f5928f780 of 512 bytes failed: Only part of a ReadProcessMemory or WriteProcessMemory request was completed. (0x12B)
[1124/210204.459:ERROR:process_memory_win.cc(73)] ReadMemory at 0x23f59290ff0 of 512 bytes failed: Only part of a ReadProcessMemory or WriteProcessMemory request was completed. (0x12B)
[1124/210204.459:ERROR:process_memory_win.cc(73)] ReadMemory at 0x23f592b1e18 of 512 bytes failed: Only part of a ReadProcessMemory or WriteProcessMemory request was completed. (0x12B)
[1124/210204.459:ERROR:process_memory_win.cc(73)] ReadMemory at 0x23f592b3a38 of 512 bytes failed: Only part of a ReadProcessMemory or WriteProcessMemory request was completed. (0x12B)
[1124/210204.459:ERROR:process_memory_win.cc(73)] ReadMemory at 0x23f592bc612 of 676 bytes failed: Only part of a ReadProcessMemory or WriteProcessMemory request was completed. (0x12B)
[1124/210204.459:ERROR:process_memory_win.cc(73)] ReadMemory at 0x23f59310c40 of 512 bytes failed: Only part of a ReadProcessMemory or WriteProcessMemory request was completed. (0x12B)
[1124/210204.460:ERROR:process_memory_win.cc(73)] ReadMemory at 0x23f5af73650 of 512 bytes failed: Only part of a ReadProcessMemory or WriteProcessMemory request was completed. (0x12B)
[1124/210204.460:ERROR:process_memory_win.cc(73)] ReadMemory at 0x23f5b006620 of 512 bytes failed: Only part of a ReadProcessMemory or WriteProcessMemory request was completed. (0x12B)
[1124/210204.460:ERROR:process_memory_win.cc(73)] ReadMemory at 0x23f5b02cda0 of 512 bytes failed: Only part of a ReadProcessMemory or WriteProcessMemory request was completed. (0x12B)
[1124/210204.460:ERROR:process_memory_win.cc(73)] ReadMemory at 0x23f5b110618 of 512 bytes failed: Only part of a ReadProcessMemory or WriteProcessMemory request was completed. (0x12B)
[1124/210204.460:ERROR:process_memory_win.cc(73)] ReadMemory at 0x23f5b14dbb0 of 512 bytes failed: Only part of a ReadProcessMemory or WriteProcessMemory request was completed. (0x12B)
[1124/210204.460:ERROR:process_memory_win.cc(73)] ReadMemory at 0x23f5b14ef58 of 512 bytes failed: Only part of a ReadProcessMemory or WriteProcessMemory request was completed. (0x12B)
[1124/210204.460:ERROR:process_memory_win.cc(73)] ReadMemory at 0x23f5b14f481 of 512 bytes failed: Only part of a ReadProcessMemory or WriteProcessMemory request was completed. (0x12B)
[1124/210204.460:ERROR:process_memory_win.cc(73)] ReadMemory at 0x23f5b159b98 of 512 bytes failed: Only part of a ReadProcessMemory or WriteProcessMemory request was completed. (0x12B)
[1124/210204.460:ERROR:process_memory_win.cc(73)] ReadMemory at 0x23f5b403100 of 512 bytes failed: Only part of a ReadProcessMemory or WriteProcessMemory request was completed. (0x12B)
[1124/210204.460:ERROR:process_memory_win.cc(73)] ReadMemory at 0x23f5b42ce40 of 512 bytes failed: Only part of a ReadProcessMemory or WriteProcessMemory request was completed. (0x12B)
[1124/210204.460:ERROR:process_memory_win.cc(73)] ReadMemory at 0x23f5b462a90 of 512 bytes failed: Only part of a ReadProcessMemory or WriteProcessMemory request was completed. (0x12B)
[1124/210204.461:ERROR:process_memory_win.cc(73)] ReadMemory at 0x23f5b4b2000 of 512 bytes failed: Only part of a ReadProcessMemory or WriteProcessMemory request was completed. (0x12B)
[1124/210204.461:ERROR:process_memory_win.cc(73)] ReadMemory at 0x23f5b4fd8c0 of 536 bytes failed: Only part of a ReadProcessMemory or WriteProcessMemory request was completed. (0x12B)
[1124/210204.461:ERROR:process_memory_win.cc(73)] ReadMemory at 0x23f5b619c81 of 512 bytes failed: Only part of a ReadProcessMemory or WriteProcessMemory request was completed. (0x12B)
[1124/210204.461:ERROR:process_memory_win.cc(73)] ReadMemory at 0x23f5c456ba0 of 512 bytes failed: Only part of a ReadProcessMemory or WriteProcessMemory request was completed. (0x12B)
[1124/210204.461:ERROR:process_memory_win.cc(73)] ReadMemory at 0x23f5c458e00 of 512 bytes failed: Only part of a ReadProcessMemory or WriteProcessMemory request was completed. (0x12B)
[1124/210204.461:ERROR:process_memory_win.cc(73)] ReadMemory at 0x7ff924ac0000 of 385 bytes failed: Only part of a ReadProcessMemory or WriteProcessMemory request was completed. (0x12B)
[1124/210204.461:ERROR:process_memory_win.cc(73)] ReadMemory at 0x7ff926af6bf2 of 512 bytes failed: Only part of a ReadProcessMemory or WriteProcessMemory request was completed. (0x12B)
[1124/210204.464:ERROR:filesystem_win.cc(129)] GetFileAttributes C:\Users\lappy\AppData\Local\Temp\scoped_dir14720_1233593080\Crashpad\attachments\8ba5341b-3671-4b97-a96d-368be572cd16: The system cannot find the path specified. (0x3)
[1124/210204.463:ERROR:scoped_process_suspend.cc(40)] NtResumeProcess: An attempt was made to access an exiting process. (0xc000010a)
[1124/214050.075:ERROR:directory_reader_win.cc(43)] FindFirstFile: The system cannot find the path specified. (0x3)
[1125/141523.924:ERROR:directory_reader_win.cc(43)] FindFirstFile: The system cannot find the path specified. (0x3)
[1125/141633.978:ERROR:directory_reader_win.cc(43)] FindFirstFile: The system cannot find the path specified. (0x3)
[1126/202428.213:ERROR:directory_reader_win.cc(43)] FindFirstFile: The system cannot find the path specified. (0x3)
[1127/141332.412:ERROR:directory_reader_win.cc(43)] FindFirstFile: The system cannot find the path specified. (0x3)
[1127/142408.534:ERROR:directory_reader_win.cc(43)] FindFirstFile: The system cannot find the path specified. (0x3)
[1127/142529.584:ERROR:directory_reader_win.cc(43)] FindFirstFile: The system cannot find the path specified. (0x3)
[1127/155226.010:ERROR:directory_reader_win.cc(43)] FindFirstFile: The system cannot find the path specified. (0x3)
[1127/161528.145:ERROR:directory_reader_win.cc(43)] FindFirstFile: The system cannot find the path specified. (0x3)
[1127/165856.807:ERROR:directory_reader_win.cc(43)] FindFirstFile: The system cannot find the path specified. (0x3)
[1127/170631.240:ERROR:directory_reader_win.cc(43)] FindFirstFile: The system cannot find the path specified. (0x3)
[1127/170704.826:ERROR:directory_reader_win.cc(43)] FindFirstFile: The system cannot find the path specified. (0x3)
[1127/171511.087:ERROR:directory_reader_win.cc(43)] FindFirstFile: The system cannot find the path specified. (0x3)
[1127/181158.827:ERROR:directory_reader_win.cc(43)] FindFirstFile: The system cannot find the path specified. (0x3)
[1127/204834.676:ERROR:directory_reader_win.cc(43)] FindFirstFile: The system cannot find the path specified. (0x3)
[1127/204955.979:ERROR:directory_reader_win.cc(43)] FindFirstFile: The system cannot find the path specified. (0x3)
[1127/205042.348:ERROR:directory_reader_win.cc(43)] FindFirstFile: The system cannot find the path specified. (0x3)
[1127/210124.410:ERROR:directory_reader_win.cc(43)] FindFirstFile: The system cannot find the path specified. (0x3)
[1128/131741.994:ERROR:directory_reader_win.cc(43)] FindFirstFile: The system cannot find the path specified. (0x3)
[1128/133639.449:ERROR:directory_reader_win.cc(43)] FindFirstFile: The system cannot find the path specified. (0x3)
[1128/133738.550:ERROR:directory_reader_win.cc(43)] FindFirstFile: The system cannot find the path specified. (0x3)
[1128/133940.403:ERROR:directory_reader_win.cc(43)] FindFirstFile: The system cannot find the path specified. (0x3)
[1128/135214.465:ERROR:directory_reader_win.cc(43)] FindFirstFile: The system cannot find the path specified. (0x3)
[1128/135257.844:ERROR:directory_reader_win.cc(43)] FindFirstFile: The system cannot find the path specified. (0x3)
[1128/135527.186:ERROR:directory_reader_win.cc(43)] FindFirstFile: The system cannot find the path specified. (0x3)
[1128/145635.157:ERROR:directory_reader_win.cc(43)] FindFirstFile: The system cannot find the path specified. (0x3)
[1128/145659.690:ERROR:directory_reader_win.cc(43)] FindFirstFile: The system cannot find the path specified. (0x3)
[1128/152808.291:ERROR:directory_reader_win.cc(43)] FindFirstFile: The system cannot find the path specified. (0x3)
[1128/153215.725:ERROR:directory_reader_win.cc(43)] FindFirstFile: The system cannot find the path specified. (0x3)
[1128/153248.719:ERROR:directory_reader_win.cc(43)] FindFirstFile: The system cannot find the path specified. (0x3)
[1128/154839.673:ERROR:directory_reader_win.cc(43)] FindFirstFile: The system cannot find the path specified. (0x3)
[1128/155057.286:ERROR:directory_reader_win.cc(43)] FindFirstFile: The system cannot find the path specified. (0x3)
